{"name": "При добавлении ингредиента в заказ, увеличивается каунтер данного ингредиента", "status": "broken", "statusDetails": {"message": "selenium.common.exceptions.TimeoutException: Message: \nStacktrace:\nRemoteError@chrome://remote/content/shared/RemoteError.sys.mjs:8:8\nWebDriverError@chrome://remote/content/shared/webdriver/Errors.sys.mjs:193:5\nNoSuchElementError@chrome://remote/content/shared/webdriver/Errors.sys.mjs:511:5\ndom.find/</<@chrome://remote/content/shared/DOM.sys.mjs:136:16", "trace": "self = <tests.test_main_page.TestMainPage object at 0x000001EAA42551C0>, driver = <selenium.webdriver.firefox.webdriver.WebDriver (session=\"bd36ac0d-2ed7-481e-89fe-081d368c5207\")>\n\n    @allure.title('При добавлении ингредиента в заказ, увеличивается каунтер данного ингредиента')\n    def test_move_bun(self, driver):\n        main_page = MainPage(driver)\n        main_page.open_page(Url.STELLAR_BURGERS_URL)\n        main_page.move_bun()\n>       assert main_page.get_counter().is_displayed()\n\ntests\\test_main_page.py:42: \n_ _ _ _ _ _ _ _ _ _ _ _ _ _ _ _ _ _ _ _ _ _ _ _ _ _ _ _ _ _ _ _ _ _ _ _ _ _ _ _ _ _ _ _ _ _ _ _ _ _ _ _ _ _ _ _ _ _ _ _ _ _ _ _ _ _ _ _ _ _ _ _ _ _ _ _ _ _ _ _ _ _ _ _ _ _ _ _ _ _ _ _\npages\\main_page.py:54: in get_counter\n    counter = self.wait_and_find_element(MainPageLocators.COUNTER_HAS_INCREASED)\npages\\base_page.py:15: in wait_and_find_element\n    WebDriverWait(self.driver, 30).until(expected_conditions.visibility_of_element_located(locator))\n_ _ _ _ _ _ _ _ _ _ _ _ _ _ _ _ _ _ _ _ _ _ _ _ _ _ _ _ _ _ _ _ _ _ _ _ _ _ _ _ _ _ _ _ _ _ _ _ _ _ _ _ _ _ _ _ _ _ _ _ _ _ _ _ _ _ _ _ _ _ _ _ _ _ _ _ _ _ _ _ _ _ _ _ _ _ _ _ _ _ _ _\n\nself = <selenium.webdriver.support.wait.WebDriverWait (session=\"bd36ac0d-2ed7-481e-89fe-081d368c5207\")>\nmethod = <function visibility_of_element_located.<locals>._predicate at 0x000001EAA4267A60>, message = ''\n\n    def until(self, method: Callable[[D], Union[Literal[False], T]], message: str = \"\") -> T:\n        \"\"\"Calls the method provided with the driver as an argument until the \\\n        return value does not evaluate to ``False``.\n    \n        :param method: callable(WebDriver)\n        :param message: optional message for :exc:`TimeoutException`\n        :returns: the result of the last call to `method`\n        :raises: :exc:`selenium.common.exceptions.TimeoutException` if timeout occurs\n        \"\"\"\n        screen = None\n        stacktrace = None\n    \n        end_time = time.monotonic() + self._timeout\n        while True:\n            try:\n                value = method(self._driver)\n                if value:\n                    return value\n            except self._ignored_exceptions as exc:\n                screen = getattr(exc, \"screen\", None)\n                stacktrace = getattr(exc, \"stacktrace\", None)\n            time.sleep(self._poll)\n            if time.monotonic() > end_time:\n                break\n>       raise TimeoutException(message, screen, stacktrace)\nE       selenium.common.exceptions.TimeoutException: Message: \nE       Stacktrace:\nE       RemoteError@chrome://remote/content/shared/RemoteError.sys.mjs:8:8\nE       WebDriverError@chrome://remote/content/shared/webdriver/Errors.sys.mjs:193:5\nE       NoSuchElementError@chrome://remote/content/shared/webdriver/Errors.sys.mjs:511:5\nE       dom.find/</<@chrome://remote/content/shared/DOM.sys.mjs:136:16\n\n..\\..\\Sprint_6\\venv\\Lib\\site-packages\\selenium\\webdriver\\support\\wait.py:105: TimeoutException"}, "steps": [{"name": "Создаем конструктор ", "status": "passed", "parameters": [{"name": "driver", "value": "<selenium.webdriver.firefox.webdriver.WebDriver (session=\"bd36ac0d-2ed7-481e-89fe-081d368c5207\")>"}], "start": 1728150583881, "stop": 1728150583881}, {"name": "Открываем страницу", "status": "passed", "parameters": [{"name": "url", "value": "'https://stellarburgers.nomoreparties.site'"}], "start": 1728150583881, "stop": 1728150584063}, {"name": "Добавление булки в заказ", "status": "passed", "steps": [{"name": "Передвигаем элемент", "status": "passed", "parameters": [{"name": "locator_source", "value": "('xpath', \"(.//img[@class='BurgerIngredient_ingredient__image__3e-07 ml-4 mr-4'])[1]\")"}, {"name": "locator_target", "value": "('xpath', \"(.//span[@class='constructor-element__row'])[1]\")"}], "start": 1728150584063, "stop": 1728150585182}], "start": 1728150584063, "stop": 1728150585182}, {"name": "Получаем каунтер в инргредиенте", "status": "broken", "statusDetails": {"message": "selenium.common.exceptions.TimeoutException: Message: \nStacktrace:\nRemoteError@chrome://remote/content/shared/RemoteError.sys.mjs:8:8\nWebDriverError@chrome://remote/content/shared/webdriver/Errors.sys.mjs:193:5\nNoSuchElementError@chrome://remote/content/shared/webdriver/Errors.sys.mjs:511:5\ndom.find/</<@chrome://remote/content/shared/DOM.sys.mjs:136:16\n\n", "trace": "  File \"C:\\Users\\e.sergeev\\PycharmProjects\\Sprint_6\\venv\\Lib\\site-packages\\allure_commons\\_allure.py\", line 192, in impl\n    return func(*a, **kw)\n           ^^^^^^^^^^^^^^\n  File \"C:\\Users\\e.sergeev\\PycharmProjects\\Diplom\\Diplom_3\\pages\\main_page.py\", line 54, in get_counter\n    counter = self.wait_and_find_element(MainPageLocators.COUNTER_HAS_INCREASED)\n              ^^^^^^^^^^^^^^^^^^^^^^^^^^^^^^^^^^^^^^^^^^^^^^^^^^^^^^^^^^^^^^^^^^\n  File \"C:\\Users\\e.sergeev\\PycharmProjects\\Sprint_6\\venv\\Lib\\site-packages\\allure_commons\\_allure.py\", line 192, in impl\n    return func(*a, **kw)\n           ^^^^^^^^^^^^^^\n  File \"C:\\Users\\e.sergeev\\PycharmProjects\\Diplom\\Diplom_3\\pages\\base_page.py\", line 15, in wait_and_find_element\n    WebDriverWait(self.driver, 30).until(expected_conditions.visibility_of_element_located(locator))\n  File \"C:\\Users\\e.sergeev\\PycharmProjects\\Sprint_6\\venv\\Lib\\site-packages\\selenium\\webdriver\\support\\wait.py\", line 105, in until\n    raise TimeoutException(message, screen, stacktrace)\n"}, "steps": [{"name": "Ожидаем элемент на странице", "status": "broken", "statusDetails": {"message": "selenium.common.exceptions.TimeoutException: Message: \nStacktrace:\nRemoteError@chrome://remote/content/shared/RemoteError.sys.mjs:8:8\nWebDriverError@chrome://remote/content/shared/webdriver/Errors.sys.mjs:193:5\nNoSuchElementError@chrome://remote/content/shared/webdriver/Errors.sys.mjs:511:5\ndom.find/</<@chrome://remote/content/shared/DOM.sys.mjs:136:16\n\n", "trace": "  File \"C:\\Users\\e.sergeev\\PycharmProjects\\Sprint_6\\venv\\Lib\\site-packages\\allure_commons\\_allure.py\", line 192, in impl\n    return func(*a, **kw)\n           ^^^^^^^^^^^^^^\n  File \"C:\\Users\\e.sergeev\\PycharmProjects\\Diplom\\Diplom_3\\pages\\base_page.py\", line 15, in wait_and_find_element\n    WebDriverWait(self.driver, 30).until(expected_conditions.visibility_of_element_located(locator))\n  File \"C:\\Users\\e.sergeev\\PycharmProjects\\Sprint_6\\venv\\Lib\\site-packages\\selenium\\webdriver\\support\\wait.py\", line 105, in until\n    raise TimeoutException(message, screen, stacktrace)\n"}, "parameters": [{"name": "locator", "value": "('xpath', \".//div[@class='counter_counter__ZNLkj counter_default__28sqi']//p[text()='2']\")"}], "start": 1728150585182, "stop": 1728150615571}], "start": 1728150585182, "stop": 1728150615571}], "attachments": [{"name": "log", "source": "8c5df529-3662-4ed5-9d7e-de8128dd391c-attachment.txt", "type": "text/plain"}], "parameters": [{"name": "driver", "value": "'firefox'"}], "start": 1728150583881, "stop": 1728150615571, "uuid": "7c9257e2-055c-4729-a545-402236604d53", "historyId": "30a4e79f7623fcbb31aec0239726417b", "testCaseId": "8093469a8e1b08f38c0b272c8a6b5d42", "fullName": "tests.test_main_page.TestMainPage#test_move_bun", "labels": [{"name": "parentSuite", "value": "tests"}, {"name": "suite", "value": "test_main_page"}, {"name": "subSuite", "value": "TestMainPage"}, {"name": "host", "value": "0000NBB03064379"}, {"name": "thread", "value": "17392-MainThread"}, {"name": "framework", "value": "pytest"}, {"name": "language", "value": "cpython3"}, {"name": "package", "value": "tests.test_main_page"}]}