{"name": "Если кликнуть на заказ, откроется всплывающее окно с деталями", "status": "broken", "statusDetails": {"message": "selenium.common.exceptions.NoSuchWindowException: Message: Browsing context has been discarded\nStacktrace:\nRemoteError@chrome://remote/content/shared/RemoteError.sys.mjs:8:8\nWebDriverError@chrome://remote/content/shared/webdriver/Errors.sys.mjs:193:5\nNoSuchWindowError@chrome://remote/content/shared/webdriver/Errors.sys.mjs:679:5\nassert.that/<@chrome://remote/content/shared/webdriver/Assert.sys.mjs:515:13\nassert.open@chrome://remote/content/shared/webdriver/Assert.sys.mjs:147:4\nGeckoDriver.prototype.findElement@chrome://remote/content/marionette/driver.sys.mjs:1539:15\ndespatch@chrome://remote/content/marionette/server.sys.mjs:318:40\nexecute@chrome://remote/content/marionette/server.sys.mjs:289:16\nonPacket/<@chrome://remote/content/marionette/server.sys.mjs:262:20\nonPacket@chrome://remote/content/marionette/server.sys.mjs:263:9\n_onJSONObjectReady/<@chrome://remote/content/marionette/transport.sys.mjs:494:20", "trace": "self = <tests.test_order_feed.TestOrderFeed object at 0x000001F2BEB4A2D0>, driver = <selenium.webdriver.firefox.webdriver.WebDriver (session=\"c814e4b4-5d51-4329-b2c4-accd50656279\")>\ncreate_order = '9999'\n\n    @allure.title('Если кликнуть на заказ, откроется всплывающее окно с деталями')\n    def test_success_popup(self, driver, create_order):\n        order_feed_page = OrderFeedPage(driver)\n        order_feed_page.click_on_the_first_order_in_feed()\n>       assert order_feed_page.get_popup_order().is_displayed()\n\ntests\\test_order_feed.py:12: \n_ _ _ _ _ _ _ _ _ _ _ _ _ _ _ _ _ _ _ _ _ _ _ _ _ _ _ _ _ _ _ _ _ _ _ _ _ _ _ _ _ _ _ _ _ _ _ _ _ _ _ _ _ _ _ _ _ _ _ _ _ _ _ _ _ _ _ _ _ _ _ _ _ _ _ _ _ _ _ _ _ _ _ _ _ _ _ _ _ _ _ _\npages\\order_feed_page.py:13: in get_popup_order\n    popup_order = self.wait_and_find_element(OrderFeedPageLocators.POPUP_WITH_DETAILS)\npages\\base_page.py:15: in wait_and_find_element\n    WebDriverWait(self.driver, 30).until(expected_conditions.visibility_of_element_located(locator))\n..\\..\\Sprint_6\\venv\\Lib\\site-packages\\selenium\\webdriver\\support\\wait.py:96: in until\n    value = method(self._driver)\n..\\..\\Sprint_6\\venv\\Lib\\site-packages\\selenium\\webdriver\\support\\expected_conditions.py:156: in _predicate\n    return _element_if_visible(driver.find_element(*locator))\n..\\..\\Sprint_6\\venv\\Lib\\site-packages\\selenium\\webdriver\\remote\\webdriver.py:748: in find_element\n    return self.execute(Command.FIND_ELEMENT, {\"using\": by, \"value\": value})[\"value\"]\n..\\..\\Sprint_6\\venv\\Lib\\site-packages\\selenium\\webdriver\\remote\\webdriver.py:354: in execute\n    self.error_handler.check_response(response)\n_ _ _ _ _ _ _ _ _ _ _ _ _ _ _ _ _ _ _ _ _ _ _ _ _ _ _ _ _ _ _ _ _ _ _ _ _ _ _ _ _ _ _ _ _ _ _ _ _ _ _ _ _ _ _ _ _ _ _ _ _ _ _ _ _ _ _ _ _ _ _ _ _ _ _ _ _ _ _ _ _ _ _ _ _ _ _ _ _ _ _ _\n\nself = <selenium.webdriver.remote.errorhandler.ErrorHandler object at 0x000001F2BEE3EF60>\nresponse = {'status': 404, 'value': '{\"value\":{\"error\":\"no such window\",\"message\":\"Browsing context has been discarded\",\"stacktra...ionette/server.sys.mjs:263:9\\\\n_onJSONObjectReady/<@chrome://remote/content/marionette/transport.sys.mjs:494:20\\\\n\"}}'}\n\n    def check_response(self, response: Dict[str, Any]) -> None:\n        \"\"\"Checks that a JSON response from the WebDriver does not have an\n        error.\n    \n        :Args:\n         - response - The JSON response from the WebDriver server as a dictionary\n           object.\n    \n        :Raises: If the response contains an error message.\n        \"\"\"\n        status = response.get(\"status\", None)\n        if not status or status == ErrorCode.SUCCESS:\n            return\n        value = None\n        message = response.get(\"message\", \"\")\n        screen: str = response.get(\"screen\", \"\")\n        stacktrace = None\n        if isinstance(status, int):\n            value_json = response.get(\"value\", None)\n            if value_json and isinstance(value_json, str):\n                import json\n    \n                try:\n                    value = json.loads(value_json)\n                    if len(value) == 1:\n                        value = value[\"value\"]\n                    status = value.get(\"error\", None)\n                    if not status:\n                        status = value.get(\"status\", ErrorCode.UNKNOWN_ERROR)\n                        message = value.get(\"value\") or value.get(\"message\")\n                        if not isinstance(message, str):\n                            value = message\n                            message = message.get(\"message\")\n                    else:\n                        message = value.get(\"message\", None)\n                except ValueError:\n                    pass\n    \n        exception_class: Type[WebDriverException]\n        e = ErrorCode()\n        error_codes = [item for item in dir(e) if not item.startswith(\"__\")]\n        for error_code in error_codes:\n            error_info = getattr(ErrorCode, error_code)\n            if isinstance(error_info, list) and status in error_info:\n                exception_class = getattr(ExceptionMapping, error_code, WebDriverException)\n                break\n        else:\n            exception_class = WebDriverException\n    \n        if not value:\n            value = response[\"value\"]\n        if isinstance(value, str):\n            raise exception_class(value)\n        if message == \"\" and \"message\" in value:\n            message = value[\"message\"]\n    \n        screen = None  # type: ignore[assignment]\n        if \"screen\" in value:\n            screen = value[\"screen\"]\n    \n        stacktrace = None\n        st_value = value.get(\"stackTrace\") or value.get(\"stacktrace\")\n        if st_value:\n            if isinstance(st_value, str):\n                stacktrace = st_value.split(\"\\n\")\n            else:\n                stacktrace = []\n                try:\n                    for frame in st_value:\n                        line = frame.get(\"lineNumber\", \"\")\n                        file = frame.get(\"fileName\", \"<anonymous>\")\n                        if line:\n                            file = f\"{file}:{line}\"\n                        meth = frame.get(\"methodName\", \"<anonymous>\")\n                        if \"className\" in frame:\n                            meth = f\"{frame['className']}.{meth}\"\n                        msg = \"    at %s (%s)\"\n                        msg = msg % (meth, file)\n                        stacktrace.append(msg)\n                except TypeError:\n                    pass\n        if exception_class == UnexpectedAlertPresentException:\n            alert_text = None\n            if \"data\" in value:\n                alert_text = value[\"data\"].get(\"text\")\n            elif \"alert\" in value:\n                alert_text = value[\"alert\"].get(\"text\")\n            raise exception_class(message, screen, stacktrace, alert_text)  # type: ignore[call-arg]  # mypy is not smart enough here\n>       raise exception_class(message, screen, stacktrace)\nE       selenium.common.exceptions.NoSuchWindowException: Message: Browsing context has been discarded\nE       Stacktrace:\nE       RemoteError@chrome://remote/content/shared/RemoteError.sys.mjs:8:8\nE       WebDriverError@chrome://remote/content/shared/webdriver/Errors.sys.mjs:193:5\nE       NoSuchWindowError@chrome://remote/content/shared/webdriver/Errors.sys.mjs:679:5\nE       assert.that/<@chrome://remote/content/shared/webdriver/Assert.sys.mjs:515:13\nE       assert.open@chrome://remote/content/shared/webdriver/Assert.sys.mjs:147:4\nE       GeckoDriver.prototype.findElement@chrome://remote/content/marionette/driver.sys.mjs:1539:15\nE       despatch@chrome://remote/content/marionette/server.sys.mjs:318:40\nE       execute@chrome://remote/content/marionette/server.sys.mjs:289:16\nE       onPacket/<@chrome://remote/content/marionette/server.sys.mjs:262:20\nE       onPacket@chrome://remote/content/marionette/server.sys.mjs:263:9\nE       _onJSONObjectReady/<@chrome://remote/content/marionette/transport.sys.mjs:494:20\n\n..\\..\\Sprint_6\\venv\\Lib\\site-packages\\selenium\\webdriver\\remote\\errorhandler.py:229: NoSuchWindowException"}, "steps": [{"name": "Создаем конструктор ", "status": "passed", "parameters": [{"name": "driver", "value": "<selenium.webdriver.firefox.webdriver.WebDriver (session=\"c814e4b4-5d51-4329-b2c4-accd50656279\")>"}], "start": 1728150865092, "stop": 1728150865092}, {"name": "Клик на первый заказ в \"Ленте заказов\"", "status": "passed", "steps": [{"name": "Клик на элемент c помощью JS скрипта", "status": "passed", "parameters": [{"name": "locator", "value": "('xpath', \"(.//a[@class='OrderHistory_link__1iNby'])[1]\")"}], "start": 1728150865093, "stop": 1728150866130}], "start": 1728150865092, "stop": 1728150866130}, {"name": "Получаем попап заказа", "status": "broken", "statusDetails": {"message": "selenium.common.exceptions.NoSuchWindowException: Message: Browsing context has been discarded\nStacktrace:\nRemoteError@chrome://remote/content/shared/RemoteError.sys.mjs:8:8\nWebDriverError@chrome://remote/content/shared/webdriver/Errors.sys.mjs:193:5\nNoSuchWindowError@chrome://remote/content/shared/webdriver/Errors.sys.mjs:679:5\nassert.that/<@chrome://remote/content/shared/webdriver/Assert.sys.mjs:515:13\nassert.open@chrome://remote/content/shared/webdriver/Assert.sys.mjs:147:4\nGeckoDriver.prototype.findElement@chrome://remote/content/marionette/driver.sys.mjs:1539:15\ndespatch@chrome://remote/content/marionette/server.sys.mjs:318:40\nexecute@chrome://remote/content/marionette/server.sys.mjs:289:16\nonPacket/<@chrome://remote/content/marionette/server.sys.mjs:262:20\nonPacket@chrome://remote/content/marionette/server.sys.mjs:263:9\n_onJSONObjectReady/<@chrome://remote/content/marionette/transport.sys.mjs:494:20\n\n", "trace": "  File \"C:\\Users\\e.sergeev\\PycharmProjects\\Sprint_6\\venv\\Lib\\site-packages\\allure_commons\\_allure.py\", line 192, in impl\n    return func(*a, **kw)\n           ^^^^^^^^^^^^^^\n  File \"C:\\Users\\e.sergeev\\PycharmProjects\\Diplom\\Diplom_3\\pages\\order_feed_page.py\", line 13, in get_popup_order\n    popup_order = self.wait_and_find_element(OrderFeedPageLocators.POPUP_WITH_DETAILS)\n                  ^^^^^^^^^^^^^^^^^^^^^^^^^^^^^^^^^^^^^^^^^^^^^^^^^^^^^^^^^^^^^^^^^^^^\n  File \"C:\\Users\\e.sergeev\\PycharmProjects\\Sprint_6\\venv\\Lib\\site-packages\\allure_commons\\_allure.py\", line 192, in impl\n    return func(*a, **kw)\n           ^^^^^^^^^^^^^^\n  File \"C:\\Users\\e.sergeev\\PycharmProjects\\Diplom\\Diplom_3\\pages\\base_page.py\", line 15, in wait_and_find_element\n    WebDriverWait(self.driver, 30).until(expected_conditions.visibility_of_element_located(locator))\n  File \"C:\\Users\\e.sergeev\\PycharmProjects\\Sprint_6\\venv\\Lib\\site-packages\\selenium\\webdriver\\support\\wait.py\", line 96, in until\n    value = method(self._driver)\n            ^^^^^^^^^^^^^^^^^^^^\n  File \"C:\\Users\\e.sergeev\\PycharmProjects\\Sprint_6\\venv\\Lib\\site-packages\\selenium\\webdriver\\support\\expected_conditions.py\", line 156, in _predicate\n    return _element_if_visible(driver.find_element(*locator))\n                               ^^^^^^^^^^^^^^^^^^^^^^^^^^^^^\n  File \"C:\\Users\\e.sergeev\\PycharmProjects\\Sprint_6\\venv\\Lib\\site-packages\\selenium\\webdriver\\remote\\webdriver.py\", line 748, in find_element\n    return self.execute(Command.FIND_ELEMENT, {\"using\": by, \"value\": value})[\"value\"]\n           ^^^^^^^^^^^^^^^^^^^^^^^^^^^^^^^^^^^^^^^^^^^^^^^^^^^^^^^^^^^^^^^^^\n  File \"C:\\Users\\e.sergeev\\PycharmProjects\\Sprint_6\\venv\\Lib\\site-packages\\selenium\\webdriver\\remote\\webdriver.py\", line 354, in execute\n    self.error_handler.check_response(response)\n  File \"C:\\Users\\e.sergeev\\PycharmProjects\\Sprint_6\\venv\\Lib\\site-packages\\selenium\\webdriver\\remote\\errorhandler.py\", line 229, in check_response\n    raise exception_class(message, screen, stacktrace)\n"}, "steps": [{"name": "Ожидаем элемент на странице", "status": "broken", "statusDetails": {"message": "selenium.common.exceptions.NoSuchWindowException: Message: Browsing context has been discarded\nStacktrace:\nRemoteError@chrome://remote/content/shared/RemoteError.sys.mjs:8:8\nWebDriverError@chrome://remote/content/shared/webdriver/Errors.sys.mjs:193:5\nNoSuchWindowError@chrome://remote/content/shared/webdriver/Errors.sys.mjs:679:5\nassert.that/<@chrome://remote/content/shared/webdriver/Assert.sys.mjs:515:13\nassert.open@chrome://remote/content/shared/webdriver/Assert.sys.mjs:147:4\nGeckoDriver.prototype.findElement@chrome://remote/content/marionette/driver.sys.mjs:1539:15\ndespatch@chrome://remote/content/marionette/server.sys.mjs:318:40\nexecute@chrome://remote/content/marionette/server.sys.mjs:289:16\nonPacket/<@chrome://remote/content/marionette/server.sys.mjs:262:20\nonPacket@chrome://remote/content/marionette/server.sys.mjs:263:9\n_onJSONObjectReady/<@chrome://remote/content/marionette/transport.sys.mjs:494:20\n\n", "trace": "  File \"C:\\Users\\e.sergeev\\PycharmProjects\\Sprint_6\\venv\\Lib\\site-packages\\allure_commons\\_allure.py\", line 192, in impl\n    return func(*a, **kw)\n           ^^^^^^^^^^^^^^\n  File \"C:\\Users\\e.sergeev\\PycharmProjects\\Diplom\\Diplom_3\\pages\\base_page.py\", line 15, in wait_and_find_element\n    WebDriverWait(self.driver, 30).until(expected_conditions.visibility_of_element_located(locator))\n  File \"C:\\Users\\e.sergeev\\PycharmProjects\\Sprint_6\\venv\\Lib\\site-packages\\selenium\\webdriver\\support\\wait.py\", line 96, in until\n    value = method(self._driver)\n            ^^^^^^^^^^^^^^^^^^^^\n  File \"C:\\Users\\e.sergeev\\PycharmProjects\\Sprint_6\\venv\\Lib\\site-packages\\selenium\\webdriver\\support\\expected_conditions.py\", line 156, in _predicate\n    return _element_if_visible(driver.find_element(*locator))\n                               ^^^^^^^^^^^^^^^^^^^^^^^^^^^^^\n  File \"C:\\Users\\e.sergeev\\PycharmProjects\\Sprint_6\\venv\\Lib\\site-packages\\selenium\\webdriver\\remote\\webdriver.py\", line 748, in find_element\n    return self.execute(Command.FIND_ELEMENT, {\"using\": by, \"value\": value})[\"value\"]\n           ^^^^^^^^^^^^^^^^^^^^^^^^^^^^^^^^^^^^^^^^^^^^^^^^^^^^^^^^^^^^^^^^^\n  File \"C:\\Users\\e.sergeev\\PycharmProjects\\Sprint_6\\venv\\Lib\\site-packages\\selenium\\webdriver\\remote\\webdriver.py\", line 354, in execute\n    self.error_handler.check_response(response)\n  File \"C:\\Users\\e.sergeev\\PycharmProjects\\Sprint_6\\venv\\Lib\\site-packages\\selenium\\webdriver\\remote\\errorhandler.py\", line 229, in check_response\n    raise exception_class(message, screen, stacktrace)\n"}, "parameters": [{"name": "locator", "value": "('xpath', \".//div[@class='Modal_orderBox__1xWdi Modal_modal__contentBox__sCy8X p-10']//h2[text()='Флюоресцентный бургер']\")"}], "start": 1728150866130, "stop": 1728150878335}], "start": 1728150866130, "stop": 1728150878337}], "attachments": [{"name": "log", "source": "9f741f2d-9851-4012-b0c9-e3d6bfa0e63f-attachment.txt", "type": "text/plain"}], "parameters": [{"name": "driver", "value": "'firefox'"}], "start": 1728150865092, "stop": 1728150878338, "uuid": "3a5955d2-9d4a-484b-be9b-59c77708aca0", "historyId": "b85cb8ee51f3c067b797761cee072b71", "testCaseId": "f2e943f5be53de09c0912df4feb14bb0", "fullName": "tests.test_order_feed.TestOrderFeed#test_success_popup", "labels": [{"name": "parentSuite", "value": "tests"}, {"name": "suite", "value": "test_order_feed"}, {"name": "subSuite", "value": "TestOrderFeed"}, {"name": "host", "value": "0000NBB03064379"}, {"name": "thread", "value": "8612-MainThread"}, {"name": "framework", "value": "pytest"}, {"name": "language", "value": "cpython3"}, {"name": "package", "value": "tests.test_order_feed"}]}